<?xml version="1.0" encoding="UTF-8"?>
<!-- Generated by org.testng.reporters.JUnitXMLReporter -->
<testsuite hostname="DESKTOP-S33QA46" ignored="0" name="EdgeTest" tests="1" failures="0" timestamp="24 Mar 2023 13:31:06 GMT" time="6.583" errors="0">
  <testcase name="@BeforeClass setup" time="6.525" classname="testBase.BaseClass">
    <failure type="org.openqa.selenium.SessionNotCreatedException" message="Could not start a new session. Response code 500. Message: unknown error: cannot find msedge binary 
Host info: host: &amp;apos;DESKTOP-S33QA46&amp;apos;, ip: &amp;apos;192.168.0.108&amp;apos;
Build info: version: &amp;apos;4.8.1&amp;apos;, revision: &amp;apos;8ebccac989&amp;apos;
System info: os.name: &amp;apos;Windows 10&amp;apos;, os.arch: &amp;apos;amd64&amp;apos;, os.version: &amp;apos;10.0&amp;apos;, java.version: &amp;apos;1.8.0_291&amp;apos;
Driver info: org.openqa.selenium.edge.EdgeDriver
Command: [null, newSession {capabilities=[Capabilities {browserName: MicrosoftEdge, ms:edgeOptions: {args: [], extensions: []}}], desiredCapabilities=Capabilities {browserName: MicrosoftEdge, ms:edgeOptions: {args: [], extensions: []}}}]">
      <![CDATA[org.openqa.selenium.SessionNotCreatedException: Could not start a new session. Response code 500. Message: unknown error: cannot find msedge binary Host info: host: 'DESKTOP-S33QA46', ip: '192.168.0.108'Build info: version: '4.8.1', revision: '8ebccac989'System info: os.name: 'Windows 10', os.arch: 'amd64', os.version: '10.0', java.version: '1.8.0_291'Driver info: org.openqa.selenium.edge.EdgeDriverCommand: [null, newSession {capabilities=[Capabilities {browserName: MicrosoftEdge, ms:edgeOptions: {args: [], extensions: []}}], desiredCapabilities=Capabilities {browserName: MicrosoftEdge, ms:edgeOptions: {args: [], extensions: []}}}]at org.openqa.selenium.remote.ProtocolHandshake.createSession(ProtocolHandshake.java:148)at org.openqa.selenium.remote.ProtocolHandshake.createSession(ProtocolHandshake.java:106)at org.openqa.selenium.remote.ProtocolHandshake.createSession(ProtocolHandshake.java:67)at org.openqa.selenium.remote.HttpCommandExecutor.execute(HttpCommandExecutor.java:156)at org.openqa.selenium.remote.service.DriverCommandExecutor.invokeExecute(DriverCommandExecutor.java:167)at org.openqa.selenium.remote.service.DriverCommandExecutor.execute(DriverCommandExecutor.java:142)at org.openqa.selenium.remote.RemoteWebDriver.execute(RemoteWebDriver.java:543)at org.openqa.selenium.remote.RemoteWebDriver.startSession(RemoteWebDriver.java:229)at org.openqa.selenium.remote.RemoteWebDriver.<init>(RemoteWebDriver.java:157)at org.openqa.selenium.chromium.ChromiumDriver.<init>(ChromiumDriver.java:101)at org.openqa.selenium.edge.EdgeDriver.<init>(EdgeDriver.java:54)at org.openqa.selenium.edge.EdgeDriver.<init>(EdgeDriver.java:46)at org.openqa.selenium.edge.EdgeDriver.<init>(EdgeDriver.java:42)at testBase.BaseClass.setup(BaseClass.java:50)... Removed 26 stack frames]]>
    </failure>
  </testcase> <!-- @BeforeClass setup -->
  <testcase name="@AfterClass tearDown" time="0.0" classname="testBase.BaseClass">
    <skipped/>
  </testcase> <!-- @AfterClass tearDown -->
  <testcase name="test_account_Registration" time="0.0" classname="testCases.TC_001_AccountRegistrationTest">
    <skipped/>
  </testcase> <!-- test_account_Registration -->
</testsuite> <!-- EdgeTest -->
