<?xml version="1.0" encoding="UTF-8"?>
<!-- Generated by org.testng.reporters.JUnitXMLReporter -->
<testsuite hostname="DESKTOP-S33QA46" name="Surefire test" tests="2" failures="0" timestamp="25 Mar 2023 22:00:40 GMT" time="0.26" errors="0">
  <testcase name="@BeforeClass setup" time="0.0" classname="testCases.TC_001_AccountRegistrationTest">
    <failure type="org.testng.TestNGException" message="
Parameter &amp;apos;browser&amp;apos; is required by @Configuration on method setup but has not been marked @Optional or defined
">
      <![CDATA[org.testng.TestNGException: 
Parameter 'browser' is required by @Configuration on method setup but has not been marked @Optional or defined

... Removed 26 stack frames]]>
    </failure>
  </testcase> <!-- @BeforeClass setup -->
  <testcase name="@AfterClass tearDown" time="0.0" classname="testCases.TC_001_AccountRegistrationTest">
    <skipped/>
  </testcase> <!-- @AfterClass tearDown -->
  <testcase name="@BeforeClass setup" time="0.0" classname="testCases.TC_002_LoginTest">
    <skipped/>
  </testcase> <!-- @BeforeClass setup -->
  <testcase name="@AfterClass tearDown" time="0.0" classname="testCases.TC_002_LoginTest">
    <skipped/>
  </testcase> <!-- @AfterClass tearDown -->
  <testcase name="test_account_Registration" time="0.038" classname="testCases.TC_001_AccountRegistrationTest">
    <skipped/>
  </testcase> <!-- test_account_Registration -->
  <testcase name="test_login" time="0.0" classname="testCases.TC_002_LoginTest">
    <skipped/>
  </testcase> <!-- test_login -->
</testsuite> <!-- Surefire test -->
