<?xml version="1.0" encoding="UTF-8"?>
<!-- Generated by org.testng.reporters.JUnitXMLReporter -->
<testsuite hostname="DESKTOP-S33QA46" ignored="0" name="OpenCartTest(failed)" tests="3" failures="1" timestamp="25 Mar 2023 17:00:40 GMT" time="51.756" errors="0">
  <testcase name="test_LoginDDT" time="12.969" classname="testCases.TC_003_LoginDataDrivenTest"/>
  <testcase name="test_LoginDDT" time="12.04" classname="testCases.TC_003_LoginDataDrivenTest">
    <failure type="java.lang.AssertionError" message="expected [true] but found [false]">
      <![CDATA[java.lang.AssertionError: expected [true] but found [false]at testCases.TC_003_LoginDataDrivenTest.test_LoginDDT(TC_003_LoginDataDrivenTest.java:37)... Removed 29 stack frames]]>
    </failure>
  </testcase> <!-- test_LoginDDT -->
  <testcase name="test_LoginDDT" time="3.832" classname="testCases.TC_003_LoginDataDrivenTest"/>
</testsuite> <!-- OpenCartTest(failed) -->
